<?xml version="1.0" encoding="UTF-8"?>
<!-- Generated by org.testng.reporters.JUnitXMLReporter -->
<testsuite ignored="0" hostname="JayaprakashsMBP.lan" failures="0" tests="10" name="Surefire test" time="10.865" errors="0" timestamp="2024-03-06T12:37:33 CST">
  <testcase classname="api.tests.UserTests" name="testPostUser" time="3.419"/>
  <testcase classname="api.tests.UserTests" name="testGetUserbyName" time="0.43"/>
  <testcase classname="api.tests.UserTests" name="testupdateUserbyname" time="1.147"/>
  <testcase classname="api.tests.UserTests" name="testDeleteUserbyName" time="0.601"/>
  <testcase classname="api.tests.DDTests" name="testPostUser" time="0.481"/>
  <testcase classname="api.tests.DDTests" name="testPostUser" time="0.289"/>
  <testcase classname="api.tests.DDTests" name="testPostUser" time="0.593"/>
  <testcase classname="api.tests.DDTests" name="testDeleteUserbyName" time="0.589"/>
  <testcase classname="api.tests.DDTests" name="testDeleteUserbyName" time="0.476"/>
  <testcase classname="api.tests.DDTests" name="testDeleteUserbyName" time="0.602"/>
</testsuite> <!-- Surefire test -->
