<?xml version="1.0" encoding="UTF-8"?>
<!-- Generated by org.testng.reporters.JUnitXMLReporter -->
<testsuite ignored="0" hostname="JayaprakashsMBP.lan" failures="0" tests="6" name="Default test" time="7.536" errors="0" timestamp="2024-03-04T13:23:48 CST">
  <testcase classname="api.tests.DDTests" name="testPostUser" time="2.694"/>
  <testcase classname="api.tests.DDTests" name="testPostUser" time="0.995"/>
  <testcase classname="api.tests.DDTests" name="testPostUser" time="0.483"/>
  <testcase classname="api.tests.DDTests" name="testDeleteUserbyName" time="0.61"/>
  <testcase classname="api.tests.DDTests" name="testDeleteUserbyName" time="0.475"/>
  <testcase classname="api.tests.DDTests" name="testDeleteUserbyName" time="0.461"/>
</testsuite> <!-- Default test -->
