<?xml version="1.0" encoding="UTF-8"?>
<testsuite xmlns:xsi="http://www.w3.org/2001/XMLSchema-instance" xsi:noNamespaceSchemaLocation="https://maven.apache.org/surefire/maven-surefire-plugin/xsd/surefire-test-report-3.0.xsd" version="3.0" name="TestSuite" time="11.32" tests="10" errors="0" skipped="0" failures="0">
  <properties>
[...]
</properties>
  <testcase name="testPostUser" classname="api.tests.UserTests" time="3.415">
    <system-out><![CDATA[HTTP/1.1 200 OK
Date: Wed, 06 Mar 2024 18:37:26 GMT
Content-Type: application/json
Transfer-Encoding: chunked
Connection: keep-alive
Access-Control-Allow-Origin: *
Access-Control-Allow-Methods: GET, POST, DELETE, PUT
Access-Control-Allow-Headers: Content-Type, api_key, Authorization
Server: Jetty(9.2.9.v20150224)

{
    "code": 200,
    "type": "unknown",
    "message": "2005169944"
}
]]></system-out>
    <system-err><![CDATA[SLF4J(I): Connected with provider of type [org.slf4j.simple.SimpleServiceProvider]
[main] INFO api.tests.UserTests -       creatings user    
[main] INFO api.tests.UserTests -       user created    
]]></system-err>
  </testcase>
  <testcase name="testGetUserbyName" classname="api.tests.UserTests" time="0.433">
    <system-out><![CDATA[HTTP/1.1 200 OK
Date: Wed, 06 Mar 2024 18:37:26 GMT
Content-Type: application/json
Transfer-Encoding: chunked
Connection: keep-alive
Access-Control-Allow-Origin: *
Access-Control-Allow-Methods: GET, POST, DELETE, PUT
Access-Control-Allow-Headers: Content-Type, api_key, Authorization
Server: Jetty(9.2.9.v20150224)

{
    "id": 2005169944,
    "username": "deshawn.cassin",
    "email": "lien.homenick@example.com",
    "password": "ipjfn8c6",
    "phone": "(038) 274-2533",
    "userStatus": 0
}
]]></system-out>
    <system-err><![CDATA[[main] INFO api.tests.UserTests -       reading user info    
[main] INFO api.tests.UserTests -       user info displayed    
]]></system-err>
  </testcase>
  <testcase name="testupdateUserbyname" classname="api.tests.UserTests" time="1.146">
    <system-out><![CDATA[{
    "code": 200,
    "type": "unknown",
    "message": "2005169944"
}
]]></system-out>
    <system-err><![CDATA[[main] INFO api.tests.UserTests -       updaing user info    
]]></system-err>
  </testcase>
  <testcase name="testDeleteUserbyName" classname="api.tests.UserTests" time="0.601"/>
  <testcase name="testPostUser[1010, testUser1, John, Canedy, a@gmail.com, test@1, 1234567897](1)" classname="api.tests.DDTests" time="0.479"/>
  <testcase name="testPostUser[1020, testUser2, Kim, Kom, b@gmail.com, test@2, 1234567897](2)" classname="api.tests.DDTests" time="0.289"/>
  <testcase name="testPostUser[1030, testUser3, Smith, Steve, c@gmail.com, test@3, 1234567897](3)" classname="api.tests.DDTests" time="0.594"/>
  <testcase name="testDeleteUserbyName[testUser1](1)" classname="api.tests.DDTests" time="0.59"/>
  <testcase name="testDeleteUserbyName[testUser2](2)" classname="api.tests.DDTests" time="0.476"/>
  <testcase name="testDeleteUserbyName[testUser3](3)" classname="api.tests.DDTests" time="0.603"/>
</testsuite>