<?xml version="1.0" encoding="UTF-8"?>
<testng-results ignored="0" total="10" passed="10" failed="0" skipped="0">
  <reporter-output>
  </reporter-output>
  <suite started-at="2024-03-06T12:37:22 CST" name="Surefire suite" finished-at="2024-03-06T12:37:33 CST" duration-ms="10865">
    <groups>
    </groups>
    <test started-at="2024-03-06T12:37:22 CST" name="Surefire test" finished-at="2024-03-06T12:37:33 CST" duration-ms="10865">
      <class name="api.tests.UserTests">
        <test-method is-config="true" signature="setupData()[pri:0, instance:api.tests.UserTests@143640d5]" started-at="2024-03-06T12:37:22 CST" name="setupData" finished-at="2024-03-06T12:37:23 CST" duration-ms="363" status="PASS">
          <reporter-output>
          </reporter-output>
        </test-method> <!-- setupData -->
        <test-method signature="testPostUser()[pri:1, instance:api.tests.UserTests@143640d5]" started-at="2024-03-06T12:37:23 CST" name="testPostUser" finished-at="2024-03-06T12:37:26 CST" duration-ms="3419" status="PASS">
          <reporter-output>
          </reporter-output>
        </test-method> <!-- testPostUser -->
        <test-method signature="testGetUserbyName()[pri:2, instance:api.tests.UserTests@143640d5]" started-at="2024-03-06T12:37:26 CST" name="testGetUserbyName" finished-at="2024-03-06T12:37:26 CST" duration-ms="430" status="PASS">
          <reporter-output>
          </reporter-output>
        </test-method> <!-- testGetUserbyName -->
        <test-method signature="testupdateUserbyname()[pri:3, instance:api.tests.UserTests@143640d5]" started-at="2024-03-06T12:37:26 CST" name="testupdateUserbyname" finished-at="2024-03-06T12:37:28 CST" duration-ms="1147" status="PASS">
          <reporter-output>
          </reporter-output>
        </test-method> <!-- testupdateUserbyname -->
        <test-method signature="testDeleteUserbyName()[pri:4, instance:api.tests.UserTests@143640d5]" started-at="2024-03-06T12:37:28 CST" name="testDeleteUserbyName" finished-at="2024-03-06T12:37:28 CST" duration-ms="601" status="PASS">
          <reporter-output>
          </reporter-output>
        </test-method> <!-- testDeleteUserbyName -->
      </class> <!-- api.tests.UserTests -->
      <class name="api.tests.DDTests">
        <test-method signature="testPostUser(java.lang.String,java.lang.String,java.lang.String,java.lang.String,java.lang.String,java.lang.String,java.lang.String)[pri:1, instance:api.tests.DDTests@5c1a8622]" started-at="2024-03-06T12:37:30 CST" name="testPostUser" data-provider="Data" finished-at="2024-03-06T12:37:30 CST" duration-ms="481" status="PASS">
          <params>
            <param index="0">
              <value>
                <![CDATA[1010]]>
              </value>
            </param>
            <param index="1">
              <value>
                <![CDATA[testUser1]]>
              </value>
            </param>
            <param index="2">
              <value>
                <![CDATA[John]]>
              </value>
            </param>
            <param index="3">
              <value>
                <![CDATA[Canedy]]>
              </value>
            </param>
            <param index="4">
              <value>
                <![CDATA[a@gmail.com]]>
              </value>
            </param>
            <param index="5">
              <value>
                <![CDATA[test@1]]>
              </value>
            </param>
            <param index="6">
              <value>
                <![CDATA[1234567897]]>
              </value>
            </param>
          </params>
          <reporter-output>
          </reporter-output>
        </test-method> <!-- testPostUser -->
        <test-method signature="testPostUser(java.lang.String,java.lang.String,java.lang.String,java.lang.String,java.lang.String,java.lang.String,java.lang.String)[pri:1, instance:api.tests.DDTests@5c1a8622]" started-at="2024-03-06T12:37:30 CST" name="testPostUser" data-provider="Data" finished-at="2024-03-06T12:37:31 CST" duration-ms="289" status="PASS">
          <params>
            <param index="0">
              <value>
                <![CDATA[1020]]>
              </value>
            </param>
            <param index="1">
              <value>
                <![CDATA[testUser2]]>
              </value>
            </param>
            <param index="2">
              <value>
                <![CDATA[Kim]]>
              </value>
            </param>
            <param index="3">
              <value>
                <![CDATA[Kom]]>
              </value>
            </param>
            <param index="4">
              <value>
                <![CDATA[b@gmail.com]]>
              </value>
            </param>
            <param index="5">
              <value>
                <![CDATA[test@2]]>
              </value>
            </param>
            <param index="6">
              <value>
                <![CDATA[1234567897]]>
              </value>
            </param>
          </params>
          <reporter-output>
          </reporter-output>
        </test-method> <!-- testPostUser -->
        <test-method signature="testPostUser(java.lang.String,java.lang.String,java.lang.String,java.lang.String,java.lang.String,java.lang.String,java.lang.String)[pri:1, instance:api.tests.DDTests@5c1a8622]" started-at="2024-03-06T12:37:31 CST" name="testPostUser" data-provider="Data" finished-at="2024-03-06T12:37:31 CST" duration-ms="593" status="PASS">
          <params>
            <param index="0">
              <value>
                <![CDATA[1030]]>
              </value>
            </param>
            <param index="1">
              <value>
                <![CDATA[testUser3]]>
              </value>
            </param>
            <param index="2">
              <value>
                <![CDATA[Smith]]>
              </value>
            </param>
            <param index="3">
              <value>
                <![CDATA[Steve]]>
              </value>
            </param>
            <param index="4">
              <value>
                <![CDATA[c@gmail.com]]>
              </value>
            </param>
            <param index="5">
              <value>
                <![CDATA[test@3]]>
              </value>
            </param>
            <param index="6">
              <value>
                <![CDATA[1234567897]]>
              </value>
            </param>
          </params>
          <reporter-output>
          </reporter-output>
        </test-method> <!-- testPostUser -->
        <test-method signature="testDeleteUserbyName(java.lang.String)[pri:2, instance:api.tests.DDTests@5c1a8622]" started-at="2024-03-06T12:37:31 CST" name="testDeleteUserbyName" data-provider="UserNames" finished-at="2024-03-06T12:37:32 CST" duration-ms="589" status="PASS">
          <params>
            <param index="0">
              <value>
                <![CDATA[testUser1]]>
              </value>
            </param>
          </params>
          <reporter-output>
          </reporter-output>
        </test-method> <!-- testDeleteUserbyName -->
        <test-method signature="testDeleteUserbyName(java.lang.String)[pri:2, instance:api.tests.DDTests@5c1a8622]" started-at="2024-03-06T12:37:32 CST" name="testDeleteUserbyName" data-provider="UserNames" finished-at="2024-03-06T12:37:32 CST" duration-ms="476" status="PASS">
          <params>
            <param index="0">
              <value>
                <![CDATA[testUser2]]>
              </value>
            </param>
          </params>
          <reporter-output>
          </reporter-output>
        </test-method> <!-- testDeleteUserbyName -->
        <test-method signature="testDeleteUserbyName(java.lang.String)[pri:2, instance:api.tests.DDTests@5c1a8622]" started-at="2024-03-06T12:37:32 CST" name="testDeleteUserbyName" data-provider="UserNames" finished-at="2024-03-06T12:37:33 CST" duration-ms="602" status="PASS">
          <params>
            <param index="0">
              <value>
                <![CDATA[testUser3]]>
              </value>
            </param>
          </params>
          <reporter-output>
          </reporter-output>
        </test-method> <!-- testDeleteUserbyName -->
      </class> <!-- api.tests.DDTests -->
    </test> <!-- Surefire test -->
  </suite> <!-- Surefire suite -->
</testng-results>
