<?xml version="1.0" encoding="UTF-8"?>
<testng-results ignored="0" total="4" passed="4" failed="0" skipped="0">
  <reporter-output>
  </reporter-output>
  <suite started-at="2024-03-05T14:57:00 CST" name="petSuite" finished-at="2024-03-05T14:57:06 CST" duration-ms="6545">
    <groups>
    </groups>
    <test started-at="2024-03-05T14:57:00 CST" name="PetTests" finished-at="2024-03-05T14:57:06 CST" duration-ms="6545">
      <class name="api.tests.UserTests2">
        <test-method is-config="true" signature="setupData()[pri:0, instance:api.tests.UserTests2@3c73951]" started-at="2024-03-05T14:57:00 CST" name="setupData" finished-at="2024-03-05T14:57:01 CST" duration-ms="881" status="PASS">
          <reporter-output>
          </reporter-output>
        </test-method> <!-- setupData -->
        <test-method signature="testPostUser()[pri:1, instance:api.tests.UserTests2@3c73951]" started-at="2024-03-05T14:57:01 CST" name="testPostUser" finished-at="2024-03-05T14:57:04 CST" duration-ms="3137" status="PASS">
          <reporter-output>
          </reporter-output>
        </test-method> <!-- testPostUser -->
        <test-method signature="testGetUserbyName()[pri:2, instance:api.tests.UserTests2@3c73951]" started-at="2024-03-05T14:57:04 CST" name="testGetUserbyName" finished-at="2024-03-05T14:57:05 CST" duration-ms="548" status="PASS">
          <reporter-output>
          </reporter-output>
        </test-method> <!-- testGetUserbyName -->
        <test-method signature="testupdateUserbyname()[pri:3, instance:api.tests.UserTests2@3c73951]" started-at="2024-03-05T14:57:05 CST" name="testupdateUserbyname" finished-at="2024-03-05T14:57:06 CST" duration-ms="1108" status="PASS">
          <reporter-output>
          </reporter-output>
        </test-method> <!-- testupdateUserbyname -->
        <test-method signature="testDeleteUserbyName()[pri:4, instance:api.tests.UserTests2@3c73951]" started-at="2024-03-05T14:57:06 CST" name="testDeleteUserbyName" finished-at="2024-03-05T14:57:06 CST" duration-ms="470" status="PASS">
          <reporter-output>
          </reporter-output>
        </test-method> <!-- testDeleteUserbyName -->
      </class> <!-- api.tests.UserTests2 -->
    </test> <!-- PetTests -->
  </suite> <!-- petSuite -->
</testng-results>
