<?xml version="1.0" encoding="UTF-8"?>
<!-- Generated by org.testng.reporters.JUnitXMLReporter -->
<testsuite ignored="0" hostname="JayaprakashsMBP.lan" failures="0" tests="4" name="PetTests" time="6.545" errors="0" timestamp="2024-03-05T14:57:07 CST">
  <testcase classname="api.tests.UserTests2" name="testPostUser" time="3.137"/>
  <testcase classname="api.tests.UserTests2" name="testGetUserbyName" time="0.548"/>
  <testcase classname="api.tests.UserTests2" name="testupdateUserbyname" time="1.108"/>
  <testcase classname="api.tests.UserTests2" name="testDeleteUserbyName" time="0.47"/>
</testsuite> <!-- PetTests -->
